C:/NC_Reader/666.NCX - A3,2 - 2018-10-23 11:24:59.781100
C:/NC_Reader/666.NCX - A1,4 - 2018-10-24 07:09:52.654552
C:/NC_Reader/666.NCX - A1,4 - 2018-10-24 11:41:35.717295
C:/NC_Reader/666.NCX - A1,4 - 2018-10-24 11:41:57.914035
C:/NC_Reader/666.NCX - A1,4 - 2018-10-24 11:42:30.210027
C:/NC_Reader/666.NCX - A1,4 - 2018-10-24 11:43:42.631734
C:/NC_Reader/666.NCX - A1,4 - 2018-10-24 11:44:15.882109
C:/NC_Reader/666.NCX - A1,4 - 2018-10-24 11:44:57.889108
C:/NC_Reader/666.NCX - A3,2 - 2018-10-24 11:50:04.027912
C:/NC_Reader/666.NCX - A3,2 - 2018-10-24 13:01:02.850156
C:/NC_Reader/666.NCX - A3,2 - 2018-10-24 13:02:30.662217
C:/NC_Reader/666.NCX - A3,2 - 2018-10-24 13:03:39.351361
C:/NC_Reader/666.NCX - A3,2 - 2018-10-24 13:09:09.065275
C:/Python_Programy/PythonOptimCut/666A4.NCX - A4,4 - 2018-11-08 12:03:21.022578
C:/Python_Programy/PythonOptimCut/666A4.NCX - A4,2 - 2018-11-08 12:04:03.172953
C:/Python_Programy/PythonOptimCut/666A4.NCX - A4,1 - 2018-11-08 12:04:12.125182
C:/Python_Programy/PythonOptimCut/666A4.NCX - A4,3 - 2018-11-08 12:04:31.543476
C:/Python_Programy/PythonOptimCut/666A4.NCX - 00028 - 2018-11-09 12:48:39.028096
C:/Python_Programy/PythonOptimCut/666A4.NCX - 00026 - 2018-11-09 12:52:36.240926
C:/Python_Programy/PythonOptimCut/666A4.NCX - 00028 - 2018-11-09 13:30:19.745601
C:/Python_Programy/PythonOptimCut/666A4.NCX - 00028 - 2018-11-09 13:30:30.434552
C:/Python_Programy/PythonOptimCut/666A4.NCX - 00025 - 2018-11-09 15:16:59.262394
C:/Python_Programy/PythonOptimCut/666A4.NCX - 00025 - 2018-11-09 15:56:26.277057
C:/Python_Programy/NC_Reader/873.NCX - 00003 - 2019-01-02 11:56:14.077164
C:/Python_Programy/NC_Reader/873.NCX - 00003 - 2019-01-02 13:35:00.433691
C:/Python_Programy/NC_Reader/873.NCX - 00003 - 2019-01-02 13:36:19.624722
C:/Python_Programy/NC_Reader/873.NCX - 00003 - 2019-01-02 13:37:46.212065
C:/Python_Programy/NC_Reader/873.NCX - 00003 - 2019-01-02 13:38:24.195372
C:/Python_Programy/NC_Reader/873.NCX - 00003 - 2019-01-02 13:55:57.660740
C:/Python_Programy/NC_Reader/873.NCX - 00003 - 2019-01-09 08:50:46.833310
C:/Python_Programy/NC_Reader/873.NCX - 00003 - 2019-01-09 08:51:00.365905
C:/Python_Programy/NC_Reader/873.NCX - 00003 - 2019-01-09 08:52:08.568699
C:/Python_Programy/NC_Reader/873.NCX - 00003 - 2019-01-09 08:53:33.460025
C:/NCX_Test/101.NCX - 00008 - 2019-02-19 12:56:56.213042
C:/NCX_Test/101.NCX - 00008 - 2019-02-19 12:57:30.602776
C:/NCX_Test/101.NCX - 00008 - 2019-02-19 12:57:59.150162
C:/NCX_Test/101.NCX - 00008 - 2019-02-19 12:58:18.618146
C:/NCX_Test/101.NCX - 00008 - 2019-02-19 14:08:24.249794
C:/NCX_Test/101.NCX - 00008 - 2019-02-19 14:09:15.061715
C:/NCX_Test/101.NCX - 00008 - 2019-02-19 14:11:25.856828
C:/NCX_Test/101.NCX - 00008 - 2019-02-19 14:13:56.410280
C:/NCX_Test/101.NCX - 00008 - 2019-02-19 14:16:03.962486
C:/NCX_Test/101.NCX - 00008 - 2019-02-19 14:17:34.450871
C:/NCX_Test/101.NCX - 00008 - 2019-02-19 14:45:57.020676
C:/NCX_Test/101.NCX - 00008 - 2019-02-19 14:47:30.414518
C:/NCX_Test/101.NCX - 00008 - 2019-02-19 14:48:23.826128
V:/Dzia³ Produkcji Tech. & CR/03 Projekt RUMBA/Zlecenie test 666/666.NCX - 00010 - 2019-02-19 14:53:02.330930
